2026-04-04 11:24:00 [32minfo[39m:: Server is running on port 5001
2026-04-04 13:24:54 [32minfo[39m:: Server is running on port 5001
2026-04-04 13:30:10 [32minfo[39m:: Server is running on port 5001
2026-04-04 13:42:25 [32minfo[39m:: Server is running on port 5001
2026-04-04 13:44:38 [32minfo[39m:: Server is running on port 5001
2026-04-04 13:44:55 [32minfo[39m:: Server is running on port 5002
2026-04-04 13:46:22 [32minfo[39m:: Server is running on port 5000
2026-04-04 13:48:35 [32minfo[39m:: Server is running on port 5000
2026-04-04 13:48:57 [32minfo[39m:: Server is running on port 5000
2026-04-04 13:56:34 [32minfo[39m:: Server is running on port 5000
2026-04-04 13:59:21 [32minfo[39m:: Server is running on port 5000
2026-04-04 16:24:43 [32minfo[39m:: Server is running on port 5000
2026-04-04 16:26:24 [32minfo[39m:: Server is running on port 5000
2026-04-04 16:28:06 [32minfo[39m:: Server is running on port 5000
2026-04-04 16:38:46 [32minfo[39m:: Server is running on port 5000
2026-04-04 16:39:40 [32minfo[39m:: Server is running on port 5000
2026-04-04 16:42:39 [32minfo[39m:: Server is running on port 5000
2026-04-04 16:45:32 [32minfo[39m:: Server is running on port 5000
2026-04-04 16:47:52 [32minfo[39m:: Server is running on port 5000
2026-04-04 16:51:06 [32minfo[39m:: Server is running on port 5000
2026-04-04 16:52:02 [32minfo[39m:: Server is running on port 5000
2026-04-04 16:52:46 [32minfo[39m:: Server is running on port 5000
2026-04-04 16:52:58 [32minfo[39m:: Server is running on port 5000
2026-04-04 17:31:47 [32minfo[39m:: Server is running on port 5000
2026-04-04 17:33:52 [32minfo[39m:: Server is running on port 5000
2026-04-04 17:34:54 [32minfo[39m:: Server is running on port 5000
2026-04-04 17:36:37 [32minfo[39m:: Server is running on port 5000
2026-04-04 17:36:52 [32minfo[39m:: Server is running on port 5000
2026-04-04 17:36:53 [31merror[39m:: [object Object]
2026-04-04 17:37:07 [32minfo[39m:: Server is running on port 5000
2026-04-04 17:37:09 [31merror[39m:: [object Object]
2026-04-04 17:41:03 [31merror[39m:: [object Object]
2026-04-04 17:41:55 [31merror[39m:: [object Object]
2026-04-04 17:42:46 [32minfo[39m:: Server is running on port 5000
2026-04-04 17:42:48 [31merror[39m:: [object Object]
2026-04-04 17:43:57 [32minfo[39m:: Server is running on port 5000
2026-04-04 17:43:59 [31merror[39m:: [object Object]
2026-04-04 17:45:24 [32minfo[39m:: Server is running on port 5000
2026-04-04 17:45:27 [31merror[39m:: [object Object]
2026-04-04 17:50:23 [32minfo[39m:: Server is running on port 5000
2026-04-04 17:50:25 [31merror[39m:: [object Object]
2026-04-04 17:51:54 [32minfo[39m:: Server is running on port 5000
2026-04-04 17:51:56 [31merror[39m:: [object Object]
2026-04-04 17:52:28 [32minfo[39m:: Server is running on port 5000
2026-04-04 17:52:30 [31merror[39m:: [object Object]
2026-04-04 17:53:24 [32minfo[39m:: Server is running on port 5000
2026-04-04 17:53:27 [31merror[39m:: [object Object]
2026-04-04 17:53:56 [32minfo[39m:: Server is running on port 5000
2026-04-04 17:53:58 [31merror[39m:: [object Object]
2026-04-04 17:54:35 [32minfo[39m:: Server is running on port 5000
2026-04-04 17:54:37 [31merror[39m:: [object Object]
2026-04-04 17:54:40 [31merror[39m:: [object Object]
2026-04-04 17:55:27 [32minfo[39m:: Server is running on port 5000
2026-04-04 17:55:28 [31merror[39m:: [object Object]
2026-04-04 17:56:25 [32minfo[39m:: Server is running on port 5000
2026-04-04 17:56:31 [31merror[39m:: can not get id to category
2026-04-04 17:56:31 [31merror[39m:: [object Object]
2026-04-04 17:56:49 [32minfo[39m:: Server is running on port 5000
2026-04-04 17:57:02 [31merror[39m:: can not get id to category
2026-04-04 17:57:02 [31merror[39m:: [object Object]
2026-04-04 18:05:12 [32minfo[39m:: Server is running on port 5000
2026-04-04 18:05:17 [31merror[39m:: tag not found
2026-04-04 18:05:17 [31merror[39m:: [object Object]
2026-04-04 18:05:56 [31merror[39m:: [object Object]
2026-04-04 18:06:15 [32minfo[39m:: Server is running on port 5000
2026-04-04 18:06:21 [31merror[39m:: [object Object]
2026-04-04 18:11:25 [32minfo[39m:: Server is running on port 5000
2026-04-04 18:11:31 [31merror[39m:: [object Object]
2026-04-04 18:13:07 [32minfo[39m:: Server is running on port 5000
2026-04-04 18:13:15 [31merror[39m:: [object Object]
2026-04-04 18:13:25 [31merror[39m:: [object Object]
2026-04-04 18:14:27 [32minfo[39m:: Server is running on port 5000
2026-04-04 18:14:40 [31merror[39m:: [object Object]
2026-04-04 18:20:49 [32minfo[39m:: Server is running on port 5000
2026-04-04 18:20:53 [31merror[39m:: Duplicate entry 'tennis' for key 'categories.name'
2026-04-04 18:20:53 [31merror[39m:: Failed to create category
2026-04-04 18:20:54 [31merror[39m:: Duplicate entry 'tennis' for key 'categories.name'
2026-04-04 18:20:54 [31merror[39m:: Failed to create category
2026-04-04 18:21:09 [31merror[39m:: [object Object]
2026-04-04 18:21:13 [32minfo[39m:: Server is running on port 5000
2026-04-04 18:21:19 [31merror[39m:: [object Object]
2026-04-04 18:26:23 [32minfo[39m:: Server is running on port 5000
2026-04-04 18:26:28 [31merror[39m:: [object Object]
2026-04-04 18:29:10 [32minfo[39m:: Server is running on port 5000
2026-04-04 18:29:15 [31merror[39m:: Duplicate entry 'china' for key 'brands.name'
2026-04-04 18:29:15 [31merror[39m:: [object Object]
2026-04-04 18:32:02 [32minfo[39m:: Server is running on port 5000
2026-04-04 18:32:08 [31merror[39m:: [object Object]
2026-04-04 18:34:29 [32minfo[39m:: Server is running on port 5000
2026-04-04 18:34:34 [31merror[39m:: [object Object]
2026-04-04 18:35:02 [32minfo[39m:: Server is running on port 5000
2026-04-04 18:35:09 [31merror[39m:: [object Object]
2026-04-04 18:37:58 [32minfo[39m:: Server is running on port 5000
2026-04-04 18:38:05 [31merror[39m:: [object Object]
2026-04-04 18:39:26 [32minfo[39m:: Server is running on port 5000
2026-04-04 18:39:37 [31merror[39m:: [object Object]
2026-04-04 18:42:56 [32minfo[39m:: Server is running on port 5000
2026-04-04 18:43:01 [31merror[39m:: [object Object]
2026-04-04 18:47:42 [32minfo[39m:: Server is running on port 5000
2026-04-04 18:47:51 [31merror[39m:: category not found
2026-04-04 18:47:51 [31merror[39m:: [object Object]
2026-04-04 18:49:39 [32minfo[39m:: Server is running on port 5000
2026-04-04 18:50:41 [31merror[39m:: category not found
2026-04-04 18:50:41 [31merror[39m:: [object Object]
2026-04-04 18:51:24 [32minfo[39m:: Server is running on port 5000
2026-04-04 18:58:30 [32minfo[39m:: Server is running on port 5000
2026-04-04 18:58:40 [31merror[39m:: [object Object]
2026-04-04 19:00:20 [32minfo[39m:: Server is running on port 5000
2026-04-04 19:55:45 [32minfo[39m:: Server is running on port 5000
2026-04-04 19:56:52 [31merror[39m:: [object Object]
2026-04-04 20:31:51 [32minfo[39m:: Server is running on port 5000
2026-04-04 20:32:44 [32minfo[39m:: Server is running on port 5000
2026-04-04 20:47:41 [32minfo[39m:: Server is running on port 5000
2026-04-04 20:50:20 [32minfo[39m:: Server is running on port 5000
2026-04-04 20:53:58 [32minfo[39m:: Server is running on port 5000
2026-04-04 21:38:32 [32minfo[39m:: Server is running on port 5000
2026-04-04 21:38:58 [31merror[39m:: [object Object]
2026-04-04 21:38:58 [31merror[39m:: Failed to show category
2026-04-04 21:39:58 [32minfo[39m:: Server is running on port 5000
2026-04-04 22:01:11 [32minfo[39m:: Server is running on port 5000
2026-04-04 22:02:36 [32minfo[39m:: Server is running on port 5000
2026-04-04 22:26:10 [32minfo[39m:: Server is running on port 5000
2026-04-04 22:28:41 [32minfo[39m:: Server is running on port 5000
2026-04-04 22:29:05 [31merror[39m:: Duplicate entry 'Boxing' for key 'categories.name'
2026-04-04 22:29:05 [31merror[39m:: Failed to create category
2026-04-04 22:30:44 [32minfo[39m:: Server is running on port 5000
2026-04-04 22:30:46 [31merror[39m:: Duplicate entry 'happy hour sale' for key 'tags.name'
2026-04-04 22:30:46 [31merror[39m:: Failed to create tag
2026-04-04 22:31:32 [32minfo[39m:: Server is running on port 5000
2026-04-05 09:52:40 [32minfo[39m:: Server is running on port 5000
2026-04-05 09:52:48 [31merror[39m:: [object Object]
2026-04-05 09:53:00 [32minfo[39m:: Server is running on port 5000
2026-04-05 09:54:07 [31merror[39m:: [object Object]
2026-04-05 09:54:23 [31merror[39m:: [object Object]
2026-04-05 09:54:55 [31merror[39m:: [object Object]
2026-04-05 09:59:32 [32minfo[39m:: Server is running on port 5000
2026-04-05 09:59:39 [31merror[39m:: [object Object]
2026-04-05 10:09:03 [32minfo[39m:: Server is running on port 5000
2026-04-05 19:38:26 [32minfo[39m:: Server is running on port 5000
2026-04-05 19:39:53 [31merror[39m:: [object Object]
2026-04-05 19:40:18 [32minfo[39m:: Server is running on port 5000
2026-04-05 19:40:43 [31merror[39m:: [object Object]
2026-04-05 19:41:10 [31merror[39m:: [object Object]
2026-04-05 19:41:51 [31merror[39m:: [object Object]
2026-04-05 19:42:08 [32minfo[39m:: Server is running on port 5000
2026-04-05 19:42:13 [31merror[39m:: [object Object]
2026-04-05 19:42:28 [31merror[39m:: [object Object]
2026-04-05 19:44:21 [32minfo[39m:: Server is running on port 5000
2026-04-05 19:47:17 [32minfo[39m:: Server is running on port 5000
2026-04-05 19:47:26 [31merror[39m:: [object Object]
2026-04-05 19:52:46 [32minfo[39m:: Server is running on port 5000
2026-04-05 19:52:55 [31merror[39m:: [object Object]
2026-04-05 19:53:43 [32minfo[39m:: Server is running on port 5000
2026-04-05 19:55:15 [31merror[39m:: [object Object]
2026-04-05 19:56:17 [32minfo[39m:: Server is running on port 5000
2026-04-05 19:56:24 [31merror[39m:: [object Object]
2026-04-05 20:05:16 [32minfo[39m:: Server is running on port 5000
2026-04-05 20:05:22 [31merror[39m:: [object Object]
2026-04-05 20:07:09 [32minfo[39m:: Server is running on port 5000
2026-04-05 20:07:17 [31merror[39m:: [object Object]
2026-04-05 20:13:35 [32minfo[39m:: Server is running on port 5000
2026-04-05 20:13:43 [31merror[39m:: [object Object]
2026-04-05 20:17:16 [32minfo[39m:: Server is running on port 5000
2026-04-05 20:18:07 [31merror[39m:: brand not found
2026-04-05 20:18:07 [31merror[39m:: [object Object]
2026-04-05 21:38:10 [32minfo[39m:: Server is running on port 5000
2026-04-07 10:13:48 [32minfo[39m:: Server is running on port 5000
2026-04-07 10:14:50 [31merror[39m:: brand not found
2026-04-07 10:14:50 [31merror[39m:: [object Object]
2026-04-07 10:17:01 [32minfo[39m:: Server is running on port 5000
2026-04-07 10:31:22 [32minfo[39m:: Server is running on port 5000
2026-04-07 10:36:01 [31merror[39m:: [object Object]
2026-04-07 10:36:15 [32minfo[39m:: Server is running on port 5000
2026-04-07 10:37:50 [31merror[39m:: [object Object]
2026-04-07 10:38:49 [32minfo[39m:: Server is running on port 5000
2026-04-07 10:38:53 [31merror[39m:: [object Object]
2026-04-07 10:39:34 [32minfo[39m:: Server is running on port 5000
2026-04-07 10:40:04 [31merror[39m:: [object Object]
2026-04-07 10:42:04 [32minfo[39m:: Server is running on port 5000
2026-04-07 10:43:25 [31merror[39m:: Only JPG, PNG and JPEG files are allowed
2026-04-07 10:50:12 [32minfo[39m:: Server is running on port 5000
2026-04-07 10:52:26 [32minfo[39m:: Server is running on port 5000
2026-04-07 11:14:17 [32minfo[39m:: Server is running on port 5000
2026-04-07 11:16:10 [32minfo[39m:: Server is running on port 5000
2026-04-07 11:17:28 [31merror[39m:: [object Object]
2026-04-07 11:17:42 [32minfo[39m:: Server is running on port 5000
2026-04-07 14:11:40 [32minfo[39m:: Server is running on port 5000
2026-04-07 14:12:22 [31merror[39m:: brand not found
2026-04-07 14:12:22 [31merror[39m:: [object Object]
2026-04-07 14:12:58 [31merror[39m:: [object Object]
2026-04-07 14:13:24 [31merror[39m:: [object Object]
2026-04-07 14:13:50 [31merror[39m:: [object Object]
2026-04-07 14:14:08 [31merror[39m:: [object Object]
2026-04-07 14:14:28 [32minfo[39m:: Server is running on port 5000
2026-04-07 14:14:33 [31merror[39m:: [object Object]
2026-04-07 14:15:53 [32minfo[39m:: Server is running on port 5000
2026-04-07 14:17:03 [31merror[39m:: [object Object]
2026-04-07 14:17:15 [32minfo[39m:: Server is running on port 5000
2026-04-07 14:17:20 [31merror[39m:: [object Object]
2026-04-07 14:17:42 [31merror[39m:: [object Object]
2026-04-07 14:20:09 [32minfo[39m:: Server is running on port 5000
2026-04-07 14:20:31 [31merror[39m:: [object Object]
2026-04-07 14:21:07 [32minfo[39m:: Server is running on port 5000
2026-04-07 14:21:15 [31merror[39m:: [object Object]
2026-04-07 14:24:06 [32minfo[39m:: Server is running on port 5000
2026-04-07 14:24:15 [31merror[39m:: [object Object]
2026-04-07 14:26:18 [32minfo[39m:: Server is running on port 5000
2026-04-07 14:26:32 [31merror[39m:: [object Object]
2026-04-07 14:27:16 [32minfo[39m:: Server is running on port 5000
2026-04-07 14:27:25 [31merror[39m:: [object Object]
2026-04-07 14:27:51 [32minfo[39m:: Server is running on port 5000
2026-04-07 14:28:08 [31merror[39m:: [object Object]
2026-04-07 14:29:08 [32minfo[39m:: Server is running on port 5000
2026-04-07 14:29:19 [31merror[39m:: [object Object]
2026-04-07 14:29:56 [31merror[39m:: [object Object]
2026-04-07 14:33:03 [32minfo[39m:: Server is running on port 5000
2026-04-07 14:33:13 [31merror[39m:: [object Object]
2026-04-07 14:33:23 [32minfo[39m:: Server is running on port 5000
2026-04-07 14:33:34 [31merror[39m:: [object Object]
2026-04-07 14:34:33 [32minfo[39m:: Server is running on port 5000
2026-04-07 14:34:39 [31merror[39m:: [object Object]
2026-04-07 14:35:53 [32minfo[39m:: Server is running on port 5000
2026-04-07 14:35:59 [31merror[39m:: [object Object]
2026-04-07 14:37:00 [32minfo[39m:: Server is running on port 5000
2026-04-07 14:37:17 [31merror[39m:: [object Object]
2026-04-07 14:37:31 [31merror[39m:: [object Object]
2026-04-07 14:37:46 [31merror[39m:: [object Object]
2026-04-07 14:39:50 [32minfo[39m:: Server is running on port 5000
2026-04-07 14:39:56 [31merror[39m:: [object Object]
2026-04-07 14:40:42 [32minfo[39m:: Server is running on port 5000
2026-04-07 14:40:46 [31merror[39m:: [object Object]
2026-04-07 14:42:42 [32minfo[39m:: Server is running on port 5000
2026-04-07 14:42:44 [31merror[39m:: [object Object]
2026-04-07 14:43:05 [32minfo[39m:: Server is running on port 5000
2026-04-07 14:43:14 [31merror[39m:: [object Object]
2026-04-07 14:44:43 [32minfo[39m:: Server is running on port 5000
2026-04-07 14:44:47 [31merror[39m:: [object Object]
2026-04-07 14:45:18 [32minfo[39m:: Server is running on port 5000
2026-04-07 14:45:22 [31merror[39m:: [object Object]
2026-04-07 14:46:39 [32minfo[39m:: Server is running on port 5000
2026-04-07 14:46:41 [31merror[39m:: [object Object]
2026-04-07 14:49:28 [32minfo[39m:: Server is running on port 5000
2026-04-07 14:49:31 [31merror[39m:: [object Object]
2026-04-07 21:03:02 [32minfo[39m:: Server is running on port 5000
2026-04-07 21:03:28 [31merror[39m:: [object Object]
2026-04-07 21:23:27 [32minfo[39m:: Server is running on port 5000
2026-04-07 21:24:04 [31merror[39m:: [object Object]
2026-04-07 21:26:20 [32minfo[39m:: Server is running on port 5000
2026-04-07 21:26:33 [31merror[39m:: Only JPG, PNG and JPEG files are allowed
2026-04-07 21:27:03 [31merror[39m:: [object Object]
2026-04-07 21:27:22 [31merror[39m:: [object Object]
2026-04-07 21:28:18 [31merror[39m:: [object Object]
2026-04-07 21:40:13 [32minfo[39m:: Server is running on port 5000
2026-04-07 21:41:04 [31merror[39m:: image upload failed
2026-04-07 21:42:10 [32minfo[39m:: Server is running on port 5000
2026-04-07 21:44:46 [31merror[39m:: Only JPG, PNG and JPEG files are allowed
2026-04-07 21:44:57 [31merror[39m:: Duplicate entry 'Hello world' for key 'categories.name'
2026-04-07 21:44:57 [31merror[39m:: Failed to create category
2026-04-08 13:45:15 [32minfo[39m:: Server is running on port 5000
2026-04-08 13:45:42 [32minfo[39m:: Server is running on port 5000
2026-04-08 13:57:13 [32minfo[39m:: Server is running on port 5000
2026-04-08 13:59:24 [32minfo[39m:: Server is running on port 5000
2026-04-08 14:00:02 [32minfo[39m:: Server is running on port 5000
2026-04-08 14:02:38 [32minfo[39m:: Server is running on port 5000
2026-04-08 14:03:19 [32minfo[39m:: Server is running on port 5000
2026-04-08 14:03:58 [32minfo[39m:: Server is running on port 5000
2026-04-08 14:04:17 [32minfo[39m:: Server is running on port 5000
2026-04-08 14:04:23 [31merror[39m:: Cannot read properties of undefined (reading 'id')
2026-04-08 14:04:39 [31merror[39m:: Cannot read properties of undefined (reading 'id')
2026-04-08 14:04:43 [31merror[39m:: Cannot read properties of undefined (reading 'id')
2026-04-08 14:11:22 [32minfo[39m:: Server is running on port 5000
2026-04-08 14:12:39 [32minfo[39m:: Server is running on port 5000
2026-04-08 14:12:41 [31merror[39m:: Please enter delete category name
2026-04-08 14:13:09 [31merror[39m:: Please enter delete category name
2026-04-08 14:13:44 [32minfo[39m:: Server is running on port 5000
2026-04-08 14:28:01 [32minfo[39m:: Server is running on port 5000
2026-04-08 14:28:04 [31merror[39m:: Cannot read properties of undefined (reading 'id')
2026-04-08 14:30:17 [31merror[39m:: Cannot read properties of undefined (reading 'id')
2026-04-08 14:30:36 [32minfo[39m:: Server is running on port 5000
2026-04-08 14:30:38 [31merror[39m:: Cannot read properties of undefined (reading 'id')
2026-04-08 14:31:11 [32minfo[39m:: Server is running on port 5000
2026-04-08 14:31:13 [31merror[39m:: Cannot read properties of undefined (reading 'id')
2026-04-08 14:32:37 [32minfo[39m:: Server is running on port 5000
2026-04-08 14:32:41 [31merror[39m:: Cannot read properties of undefined (reading 'id')
2026-04-08 14:33:45 [32minfo[39m:: Server is running on port 5000
2026-04-08 14:33:47 [31merror[39m:: Cannot read properties of undefined (reading 'id')
2026-04-08 14:34:03 [32minfo[39m:: Server is running on port 5000
2026-04-08 14:34:05 [31merror[39m:: Cannot read properties of undefined (reading 'id')
2026-04-08 14:34:27 [32minfo[39m:: Server is running on port 5000
2026-04-08 14:34:30 [31merror[39m:: Cannot read properties of undefined (reading 'id')
2026-04-08 14:34:55 [32minfo[39m:: Server is running on port 5000
2026-04-08 14:34:57 [31merror[39m:: Cannot read properties of undefined (reading 'id')
2026-04-08 14:36:38 [32minfo[39m:: Server is running on port 5000
2026-04-08 14:36:40 [31merror[39m:: Cannot read properties of undefined (reading 'id')
2026-04-08 14:37:13 [32minfo[39m:: Server is running on port 5000
2026-04-08 14:37:15 [31merror[39m:: Cannot read properties of undefined (reading 'id')
2026-04-08 14:37:26 [32minfo[39m:: Server is running on port 5000
2026-04-08 14:37:28 [31merror[39m:: Cannot read properties of undefined (reading 'id')
2026-04-08 14:37:47 [31merror[39m:: Cannot read properties of undefined (reading 'id')
2026-04-08 14:37:55 [32minfo[39m:: Server is running on port 5000
2026-04-08 14:37:57 [31merror[39m:: Cannot read properties of undefined (reading 'id')
2026-04-08 14:41:23 [32minfo[39m:: Server is running on port 5000
2026-04-08 14:41:25 [31merror[39m:: Failed to delete category
2026-04-08 14:41:25 [31merror[39m:: Failed to delete category
2026-04-08 14:42:43 [32minfo[39m:: Server is running on port 5000
2026-04-08 14:51:26 [32minfo[39m:: Server is running on port 5000
2026-04-08 14:56:25 [32minfo[39m:: Server is running on port 5000
2026-04-08 14:56:42 [31merror[39m:: Failed to delete tag
2026-04-08 14:56:42 [31merror[39m:: Failed to delete tag
2026-04-08 14:56:42 [31merror[39m:: Failed to delete tag
2026-04-08 14:57:38 [32minfo[39m:: Server is running on port 5000
2026-04-08 14:57:39 [31merror[39m:: Failed to delete tag
2026-04-08 14:57:39 [31merror[39m:: Failed to delete tag
2026-04-08 14:57:39 [31merror[39m:: Failed to delete tag
2026-04-08 14:57:49 [32minfo[39m:: Server is running on port 5000
2026-04-08 14:57:58 [31merror[39m:: Failed to delete tag
2026-04-08 14:57:58 [31merror[39m:: Failed to delete tag
2026-04-08 14:57:58 [31merror[39m:: Failed to delete tag
2026-04-08 15:26:02 [32minfo[39m:: Server is running on port 5000
2026-04-08 15:26:17 [31merror[39m:: category not found
2026-04-08 15:57:58 [32minfo[39m:: Server is running on port 5000
2026-04-08 16:00:21 [32minfo[39m:: Server is running on port 5000
2026-04-08 16:24:05 [32minfo[39m:: Server is running on port 5000
2026-04-08 16:25:57 [31merror[39m:: brand not found
2026-04-08 16:27:20 [32minfo[39m:: Server is running on port 5000
2026-04-08 17:03:42 [32minfo[39m:: Server is running on port 5000
2026-04-08 17:07:27 [32minfo[39m:: Server is running on port 5000
2026-04-08 17:07:50 [32minfo[39m:: Server is running on port 5000
2026-04-08 17:08:56 [32minfo[39m:: Server is running on port 5000
2026-04-08 17:10:16 [32minfo[39m:: Server is running on port 5000
2026-04-08 17:12:34 [32minfo[39m:: Server is running on port 5000
2026-04-08 17:14:53 [32minfo[39m:: Server is running on port 5000
2026-04-08 17:15:32 [32minfo[39m:: Server is running on port 5000
2026-04-08 17:15:45 [32minfo[39m:: Server is running on port 5000
2026-04-08 17:16:44 [32minfo[39m:: Server is running on port 5000
2026-04-08 17:17:05 [32minfo[39m:: Server is running on port 5000
2026-04-08 17:17:11 [31merror[39m:: [object Object]
2026-04-08 17:17:11 [31merror[39m:: Failed to search product
2026-04-08 17:18:33 [32minfo[39m:: Server is running on port 5000
2026-04-08 17:19:02 [32minfo[39m:: Server is running on port 5000
2026-04-08 17:19:10 [31merror[39m:: [object Object]
2026-04-08 17:19:10 [31merror[39m:: Failed to search product
2026-04-08 17:20:09 [32minfo[39m:: Server is running on port 5000
2026-04-08 17:20:22 [31merror[39m:: [object Object]
2026-04-08 17:20:22 [31merror[39m:: Failed to search product
2026-04-08 17:24:49 [32minfo[39m:: Server is running on port 5000
2026-04-08 17:27:40 [32minfo[39m:: Server is running on port 5000
2026-04-08 17:28:11 [32minfo[39m:: 5
2026-04-08 17:28:18 [32minfo[39m:: 5
2026-04-08 17:28:28 [32minfo[39m:: 18
2026-04-08 17:28:36 [32minfo[39m:: Server is running on port 5000
2026-04-08 17:28:40 [32minfo[39m:: 18
2026-04-08 17:28:56 [32minfo[39m:: 3
2026-04-08 17:29:14 [32minfo[39m:: 5
2026-04-08 17:30:10 [32minfo[39m:: 19
2026-04-08 17:30:19 [32minfo[39m:: 40
2026-04-08 17:30:29 [32minfo[39m:: 42
2026-04-08 18:30:39 [32minfo[39m:: Server is running on port 5000
2026-04-08 18:31:43 [32minfo[39m:: 42
2026-04-08 18:34:28 [32minfo[39m:: Server is running on port 5000
2026-04-08 18:34:36 [32minfo[39m:: 42
2026-04-08 18:34:42 [32minfo[39m:: 40
2026-04-08 18:34:50 [32minfo[39m:: 40
2026-04-08 18:34:55 [32minfo[39m:: 40
2026-04-08 18:36:47 [32minfo[39m:: Server is running on port 5000
2026-04-08 18:37:08 [32minfo[39m:: Server is running on port 5000
2026-04-08 18:37:30 [32minfo[39m:: 40
2026-04-08 18:37:50 [32minfo[39m:: 40
2026-04-08 18:53:03 [32minfo[39m:: Server is running on port 5000
2026-04-08 18:53:06 [32minfo[39m:: 40
2026-04-08 18:53:55 [32minfo[39m:: Server is running on port 5000
2026-04-08 18:54:36 [32minfo[39m:: Server is running on port 5000
2026-04-08 18:55:19 [32minfo[39m:: Server is running on port 5000
2026-04-08 19:34:59 [32minfo[39m:: Server is running on port 5000
2026-04-08 19:35:16 [32minfo[39m:: 40
2026-04-08 19:35:36 [32minfo[39m:: 40
2026-04-08 19:35:45 [32minfo[39m:: 26
2026-04-08 19:35:48 [32minfo[39m:: 26
2026-04-08 19:35:52 [32minfo[39m:: 20
2026-04-08 19:35:56 [32minfo[39m:: 20
2026-04-08 19:36:02 [32minfo[39m:: 40
2026-04-08 19:42:27 [32minfo[39m:: Server is running on port 5000
2026-04-08 19:42:41 [32minfo[39m:: 40
2026-04-08 19:42:53 [32minfo[39m:: 40
2026-04-08 19:43:02 [32minfo[39m:: 26
2026-04-08 19:43:10 [32minfo[39m:: 40
2026-04-08 19:44:14 [32minfo[39m:: Server is running on port 5000
2026-04-08 19:44:37 [32minfo[39m:: Server is running on port 5000
2026-04-08 19:47:32 [32minfo[39m:: Server is running on port 5000
2026-04-08 19:47:58 [32minfo[39m:: Server is running on port 5000
2026-04-08 19:50:21 [32minfo[39m:: Server is running on port 5000
2026-04-08 19:50:40 [32minfo[39m:: Server is running on port 5000
2026-04-08 19:51:15 [32minfo[39m:: Server is running on port 5000
2026-04-08 19:52:28 [32minfo[39m:: Server is running on port 5000
2026-04-08 19:52:34 [32minfo[39m:: 40
2026-04-08 19:54:28 [32minfo[39m:: Server is running on port 5000
2026-04-08 19:55:39 [32minfo[39m:: Server is running on port 5000
2026-04-08 19:56:30 [32minfo[39m:: Server is running on port 5000
2026-04-08 19:57:04 [32minfo[39m:: Server is running on port 5000
2026-04-08 19:57:41 [32minfo[39m:: Server is running on port 5000
2026-04-08 19:57:43 [32minfo[39m:: Hello,Hello
2026-04-08 19:58:11 [32minfo[39m:: 40
2026-04-08 23:17:46 [32minfo[39m:: Server is running on port 5000
2026-04-08 23:18:01 [32minfo[39m:: 40
2026-04-08 23:18:06 [32minfo[39m:: 40
2026-04-08 23:18:17 [32minfo[39m:: 40
2026-04-08 23:18:24 [32minfo[39m:: 40
2026-04-08 23:18:25 [32minfo[39m:: 40
2026-04-08 23:18:31 [32minfo[39m:: 40
2026-04-08 23:27:16 [32minfo[39m:: Server is running on port 5000
2026-04-08 23:27:46 [32minfo[39m:: 40
2026-04-08 23:28:01 [32minfo[39m:: 40
2026-04-08 23:28:19 [32minfo[39m:: 40
2026-04-08 23:28:32 [32minfo[39m:: 40
2026-04-08 23:28:32 [32minfo[39m:: 40
2026-04-08 23:30:58 [32minfo[39m:: 17
2026-04-08 23:30:58 [32minfo[39m:: 40
2026-04-08 23:35:30 [32minfo[39m:: 26
2026-04-08 23:39:06 [32minfo[39m:: Server is running on port 5000
2026-04-08 23:39:23 [32minfo[39m:: 18
2026-04-08 23:40:55 [32minfo[39m:: 42
2026-04-08 23:50:32 [32minfo[39m:: Server is running on port 5000
2026-04-08 23:51:56 [32minfo[39m:: Server is running on port 5000
2026-04-08 23:53:47 [32minfo[39m:: Server is running on port 5000
2026-04-08 23:53:50 [32minfo[39m:: 42
2026-04-08 23:53:52 [32minfo[39m:: 42
2026-04-08 23:54:42 [32minfo[39m:: 42
2026-04-08 23:54:48 [32minfo[39m:: Server is running on port 5000
2026-04-08 23:54:50 [32minfo[39m:: 42
2026-04-08 23:56:20 [32minfo[39m:: Server is running on port 5000
2026-04-08 23:56:22 [32minfo[39m:: 42
2026-04-08 23:56:54 [32minfo[39m:: Server is running on port 5000
2026-04-08 23:56:56 [32minfo[39m:: 42
2026-04-08 23:58:25 [32minfo[39m:: Server is running on port 5000
2026-04-09 00:00:00 [31merror[39m:: Duplicate entry 'Football' for key 'categories.name'
2026-04-09 00:00:00 [31merror[39m:: Failed to create category
2026-04-09 00:00:36 [32minfo[39m:: 37
2026-04-09 00:00:36 [32minfo[39m:: 7
2026-04-09 00:02:03 [32minfo[39m:: 37
2026-04-09 00:02:03 [32minfo[39m:: 7
2026-04-09 00:02:03 [32minfo[39m:: 26
2026-04-09 00:02:55 [32minfo[39m:: 7
2026-04-09 00:02:55 [32minfo[39m:: 42
2026-04-09 00:03:35 [32minfo[39m:: 7
2026-04-09 00:03:43 [32minfo[39m:: 7
2026-04-09 00:03:43 [32minfo[39m:: 42
2026-04-09 00:08:27 [32minfo[39m:: Server is running on port 5000
2026-04-09 00:08:29 [32minfo[39m:: 7
2026-04-09 00:08:29 [32minfo[39m:: 42
2026-04-09 00:10:13 [32minfo[39m:: Server is running on port 5000
2026-04-09 00:10:15 [32minfo[39m:: 7
2026-04-09 00:10:15 [32minfo[39m:: 42
2026-04-09 00:12:49 [32minfo[39m:: Server is running on port 5000
2026-04-09 00:12:52 [32minfo[39m:: 7
2026-04-09 00:12:52 [32minfo[39m:: 42
2026-04-09 00:12:52 [32minfo[39m:: 7
2026-04-09 00:12:52 [32minfo[39m:: 42
2026-04-09 00:16:52 [32minfo[39m:: Server is running on port 5000
2026-04-09 00:16:55 [31merror[39m:: [object Object]
2026-04-09 00:16:55 [31merror[39m:: Failed to search product
2026-04-09 00:17:12 [31merror[39m:: [object Object]
2026-04-09 00:17:12 [31merror[39m:: Failed to search product
2026-04-09 00:17:24 [32minfo[39m:: Server is running on port 5000
2026-04-09 00:17:26 [32minfo[39m:: 7
2026-04-09 00:17:26 [32minfo[39m:: 42
2026-04-09 00:17:26 [32minfo[39m:: 7
2026-04-09 00:17:26 [32minfo[39m:: 42
2026-04-09 00:19:59 [32minfo[39m:: Server is running on port 5000
2026-04-09 00:20:01 [32minfo[39m:: 7
2026-04-09 00:20:01 [32minfo[39m:: 42
2026-04-09 00:20:01 [32minfo[39m:: 42
2026-04-09 00:25:55 [32minfo[39m:: Server is running on port 5000
2026-04-09 00:25:57 [32minfo[39m:: 7
2026-04-09 00:25:57 [32minfo[39m:: 42
2026-04-09 00:25:57 [32minfo[39m:: 42
2026-04-09 00:28:09 [32minfo[39m:: Server is running on port 5000
2026-04-09 00:28:11 [32minfo[39m:: 7
2026-04-09 00:28:11 [32minfo[39m:: 42
2026-04-09 00:28:11 [32minfo[39m:: 42
2026-04-09 00:28:30 [32minfo[39m:: Server is running on port 5000
2026-04-09 00:28:31 [32minfo[39m:: 7
2026-04-09 00:28:31 [32minfo[39m:: 42
2026-04-09 00:28:31 [32minfo[39m:: 42
2026-04-09 00:29:24 [32minfo[39m:: Server is running on port 5000
2026-04-09 00:29:29 [32minfo[39m:: 7
2026-04-09 00:30:33 [32minfo[39m:: 19
2026-04-09 00:30:33 [32minfo[39m:: 18
2026-04-09 00:30:33 [32minfo[39m:: 19
2026-04-09 00:31:27 [32minfo[39m:: 7
2026-04-09 00:31:27 [32minfo[39m:: 19
2026-04-09 12:14:53 [32minfo[39m:: Server is running on port 5000
2026-04-09 12:15:15 [32minfo[39m:: 7
2026-04-09 12:15:15 [32minfo[39m:: 19
2026-04-09 12:17:21 [32minfo[39m:: Server is running on port 5000
2026-04-09 12:19:28 [32minfo[39m:: Server is running on port 5000
2026-04-09 12:20:26 [32minfo[39m:: 7
2026-04-09 12:21:02 [32minfo[39m:: 7
2026-04-09 12:21:02 [32minfo[39m:: 19
2026-04-09 12:21:05 [32minfo[39m:: 7
2026-04-09 12:22:15 [32minfo[39m:: Server is running on port 5000
2026-04-09 12:22:27 [32minfo[39m:: Server is running on port 5000
2026-04-09 12:23:00 [32minfo[39m:: 7
2026-04-09 12:23:33 [32minfo[39m:: Server is running on port 5000
2026-04-09 12:23:36 [32minfo[39m:: 7
2026-04-09 12:23:36 [32minfo[39m:: 19
2026-04-09 12:24:30 [32minfo[39m:: Server is running on port 5000
2026-04-09 12:24:32 [32minfo[39m:: 7
2026-04-09 12:24:32 [32minfo[39m:: 19
2026-04-09 12:24:39 [32minfo[39m:: 7
2026-04-09 12:24:43 [32minfo[39m:: 7
2026-04-09 12:24:43 [32minfo[39m:: 19
2026-04-09 12:24:47 [32minfo[39m:: 7
2026-04-09 12:24:47 [32minfo[39m:: 19
2026-04-09 12:24:47 [32minfo[39m:: 26
2026-04-09 12:24:47 [32minfo[39m:: 26
2026-04-09 12:24:47 [32minfo[39m:: 7
2026-04-09 12:24:56 [32minfo[39m:: 7
2026-04-09 12:24:56 [32minfo[39m:: 42
2026-04-09 12:24:56 [32minfo[39m:: 42
2026-04-09 12:30:17 [32minfo[39m:: Server is running on port 5000
2026-04-09 12:30:30 [32minfo[39m:: 7
2026-04-09 12:31:07 [32minfo[39m:: Server is running on port 5000
2026-04-09 12:31:09 [32minfo[39m:: 7
2026-04-09 12:31:27 [32minfo[39m:: Server is running on port 5000
2026-04-09 12:31:29 [32minfo[39m:: 7
2026-04-09 12:31:51 [32minfo[39m:: 7
2026-04-09 12:31:55 [32minfo[39m:: Server is running on port 5000
2026-04-09 12:31:57 [32minfo[39m:: 7
2026-04-09 12:32:51 [32minfo[39m:: Server is running on port 5000
2026-04-09 12:32:54 [32minfo[39m:: 7
2026-04-09 12:33:03 [32minfo[39m:: 18
2026-04-09 12:34:19 [32minfo[39m:: Server is running on port 5000
2026-04-09 12:34:22 [32minfo[39m:: 18
2026-04-09 12:35:13 [32minfo[39m:: Server is running on port 5000
2026-04-09 12:35:15 [32minfo[39m:: 18
2026-04-09 12:35:22 [32minfo[39m:: 18
2026-04-09 12:37:22 [32minfo[39m:: Server is running on port 5000
2026-04-09 12:37:38 [32minfo[39m:: 7
2026-04-09 12:37:38 [32minfo[39m:: 18
2026-04-09 12:37:38 [32minfo[39m:: 7
2026-04-09 12:41:17 [32minfo[39m:: Server is running on port 5000
2026-04-09 12:41:44 [32minfo[39m:: 5
2026-04-09 12:42:17 [32minfo[39m:: Server is running on port 5000
2026-04-09 12:42:18 [32minfo[39m:: 5
2026-04-09 12:44:51 [32minfo[39m:: 5
2026-04-09 12:45:46 [32minfo[39m:: Server is running on port 5000
2026-04-09 12:46:20 [32minfo[39m:: 40
2026-04-09 12:46:56 [32minfo[39m:: Server is running on port 5000
2026-04-09 12:51:40 [32minfo[39m:: Server is running on port 5000
2026-04-09 12:52:05 [32minfo[39m:: 7
2026-04-09 12:52:05 [32minfo[39m:: 27
2026-04-09 12:52:05 [32minfo[39m:: 27
2026-04-09 12:52:47 [32minfo[39m:: 7
2026-04-09 12:52:47 [32minfo[39m:: 27
2026-04-09 12:52:48 [32minfo[39m:: 27
2026-04-09 12:53:00 [32minfo[39m:: Server is running on port 5000
2026-04-09 12:53:03 [32minfo[39m:: 7
2026-04-09 12:53:03 [32minfo[39m:: 27
2026-04-09 12:53:03 [32minfo[39m:: 27
2026-04-09 12:54:57 [32minfo[39m:: Server is running on port 5000
2026-04-09 12:55:16 [32minfo[39m:: 7
2026-04-09 12:55:16 [32minfo[39m:: 19
2026-04-09 12:55:16 [32minfo[39m:: 7
2026-04-09 13:17:23 [32minfo[39m:: Server is running on port 5000
2026-04-09 13:20:00 [32minfo[39m:: Server is running on port 5000
2026-04-09 17:20:09 [32minfo[39m:: Server is running on port 5000
2026-04-09 17:21:55 [32minfo[39m:: 7
2026-04-09 17:21:56 [32minfo[39m:: 19
2026-04-09 17:21:56 [32minfo[39m:: 7
2026-04-09 17:28:07 [32minfo[39m:: Server is running on port 5000
2026-04-09 17:28:09 [32minfo[39m:: 7
2026-04-09 17:28:09 [32minfo[39m:: 19
2026-04-09 17:28:09 [32minfo[39m:: 7
2026-04-09 17:45:40 [32minfo[39m:: Server is running on port 5000
2026-04-09 17:45:47 [32minfo[39m:: Server is running on port 5000
2026-04-09 17:48:18 [32minfo[39m:: Server is running on port 5000
2026-04-09 17:49:46 [32minfo[39m:: Server is running on port 5000
2026-04-09 17:50:51 [32minfo[39m:: Server is running on port 5000
2026-04-09 18:03:25 [32minfo[39m:: Server is running on port 5000
2026-04-09 18:04:27 [32minfo[39m:: Server is running on port 5000
2026-04-09 18:04:41 [32minfo[39m:: Server is running on port 5000
2026-04-09 19:54:56 [32minfo[39m:: Server is running on port 5000
2026-04-09 20:06:17 [32minfo[39m:: Server is running on port 5000
2026-04-09 20:08:12 [32minfo[39m:: Server is running on port 5000
2026-04-09 20:10:59 [32minfo[39m:: Server is running on port 5000
2026-04-09 20:19:48 [32minfo[39m:: Server is running on port 5000
2026-04-09 20:20:26 [32minfo[39m:: Server is running on port 5000
2026-04-09 20:28:48 [32minfo[39m:: Server is running on port 5000
2026-04-09 20:30:09 [32minfo[39m:: Server is running on port 5000
2026-04-09 20:32:37 [32minfo[39m:: Server is running on port 5000
2026-04-09 20:34:58 [32minfo[39m:: Server is running on port 5000
2026-04-09 20:36:47 [32minfo[39m:: Server is running on port 5000
2026-04-09 20:46:47 [32minfo[39m:: Server is running on port 5000
2026-04-09 20:47:44 [32minfo[39m:: Server is running on port 5000
2026-04-09 20:48:03 [32minfo[39m:: Server is running on port 5000
2026-04-10 08:21:08 [32minfo[39m:: Server is running on port 5000
2026-04-10 08:21:13 [31merror[39m:: You have an error in your SQL syntax; check the manual that corresponds to your MySQL server version for the right syntax to use near '?

GROUP BY p.id' at line 55
2026-04-10 08:21:13 [31merror[39m:: Failed to show products
2026-04-10 08:27:51 [32minfo[39m:: Server is running on port 5000
2026-04-10 08:27:53 [31merror[39m:: You have an error in your SQL syntax; check the manual that corresponds to your MySQL server version for the right syntax to use near '?

GROUP BY p.id' at line 55
2026-04-10 08:27:53 [31merror[39m:: Failed to show products
2026-04-10 08:27:54 [31merror[39m:: You have an error in your SQL syntax; check the manual that corresponds to your MySQL server version for the right syntax to use near '?

GROUP BY p.id' at line 55
2026-04-10 08:27:54 [31merror[39m:: Failed to show products
2026-04-10 08:27:55 [31merror[39m:: You have an error in your SQL syntax; check the manual that corresponds to your MySQL server version for the right syntax to use near '?

GROUP BY p.id' at line 55
2026-04-10 08:27:55 [31merror[39m:: Failed to show products
2026-04-10 08:29:50 [32minfo[39m:: Server is running on port 5000
2026-04-10 08:32:14 [32minfo[39m:: Server is running on port 5000
2026-04-10 08:38:19 [32minfo[39m:: Server is running on port 5000
2026-04-10 08:38:24 [32minfo[39m:: 7
2026-04-10 08:40:32 [32minfo[39m:: Server is running on port 5000
2026-04-10 08:40:50 [32minfo[39m:: 5
2026-04-10 08:41:10 [32minfo[39m:: 3
2026-04-10 08:42:48 [32minfo[39m:: Server is running on port 5000
2026-04-10 08:43:04 [32minfo[39m:: 26
2026-04-10 08:43:22 [32minfo[39m:: 20
2026-04-10 08:43:27 [32minfo[39m:: 27
2026-04-10 08:43:33 [32minfo[39m:: 20
2026-04-10 08:43:38 [32minfo[39m:: 19
2026-04-10 08:44:48 [32minfo[39m:: Server is running on port 5000
2026-04-10 08:45:12 [32minfo[39m:: Server is running on port 5000
2026-04-10 08:45:31 [32minfo[39m:: 7
2026-04-10 08:45:31 [32minfo[39m:: 19
2026-04-10 08:45:31 [32minfo[39m:: 7
2026-04-10 08:51:49 [32minfo[39m:: Server is running on port 5000
2026-04-10 08:51:57 [32minfo[39m:: 7
2026-04-10 08:51:57 [32minfo[39m:: 42
2026-04-10 08:51:57 [32minfo[39m:: 42
2026-04-10 08:52:07 [32minfo[39m:: 7
2026-04-10 08:52:23 [32minfo[39m:: 7
2026-04-10 08:52:23 [32minfo[39m:: 27
2026-04-10 08:52:23 [32minfo[39m:: 27
2026-04-10 08:52:43 [32minfo[39m:: 7
2026-04-10 08:52:43 [32minfo[39m:: 27
2026-04-10 08:52:43 [32minfo[39m:: 27
2026-04-10 08:52:47 [32minfo[39m:: 7
2026-04-10 08:53:04 [32minfo[39m:: 7
2026-04-10 08:53:04 [32minfo[39m:: 7
2026-04-10 08:53:05 [32minfo[39m:: 18
2026-04-10 08:53:12 [32minfo[39m:: 18
2026-04-10 08:53:22 [32minfo[39m:: 7
2026-04-10 08:53:22 [32minfo[39m:: 18
2026-04-10 08:53:22 [32minfo[39m:: 7
2026-04-10 08:53:31 [32minfo[39m:: 7
2026-04-10 08:53:49 [32minfo[39m:: 7
2026-04-10 08:53:49 [32minfo[39m:: 19
2026-04-10 08:53:49 [32minfo[39m:: 7
2026-04-10 08:53:58 [32minfo[39m:: 7
2026-04-10 08:53:58 [32minfo[39m:: 26
2026-04-10 08:54:03 [32minfo[39m:: 7
2026-04-10 08:54:03 [32minfo[39m:: 26
2026-04-10 08:54:51 [32minfo[39m:: 7
2026-04-10 08:54:51 [32minfo[39m:: 26
2026-04-10 08:55:05 [32minfo[39m:: 26
2026-04-10 08:56:32 [32minfo[39m:: 7
2026-04-10 08:56:32 [32minfo[39m:: 7
2026-04-10 08:56:32 [32minfo[39m:: 18
2026-04-10 08:58:05 [32minfo[39m:: Server is running on port 5000
2026-04-10 08:58:10 [32minfo[39m:: 7
2026-04-10 08:58:10 [32minfo[39m:: 26
2026-04-10 08:58:34 [32minfo[39m:: 7
2026-04-10 08:59:00 [32minfo[39m:: 7
2026-04-10 08:59:00 [32minfo[39m:: 27
2026-04-10 08:59:00 [32minfo[39m:: 27
