2026-04-04 17:36:53 [31merror[39m:: [object Object]
2026-04-04 17:37:09 [31merror[39m:: [object Object]
2026-04-04 17:41:03 [31merror[39m:: [object Object]
2026-04-04 17:41:55 [31merror[39m:: [object Object]
2026-04-04 17:42:48 [31merror[39m:: [object Object]
2026-04-04 17:43:59 [31merror[39m:: [object Object]
2026-04-04 17:45:27 [31merror[39m:: [object Object]
2026-04-04 17:50:25 [31merror[39m:: [object Object]
2026-04-04 17:51:56 [31merror[39m:: [object Object]
2026-04-04 17:52:30 [31merror[39m:: [object Object]
2026-04-04 17:53:27 [31merror[39m:: [object Object]
2026-04-04 17:53:58 [31merror[39m:: [object Object]
2026-04-04 17:54:37 [31merror[39m:: [object Object]
2026-04-04 17:54:40 [31merror[39m:: [object Object]
2026-04-04 17:55:28 [31merror[39m:: [object Object]
2026-04-04 17:56:31 [31merror[39m:: can not get id to category
2026-04-04 17:56:31 [31merror[39m:: [object Object]
2026-04-04 17:57:02 [31merror[39m:: can not get id to category
2026-04-04 17:57:02 [31merror[39m:: [object Object]
2026-04-04 18:05:17 [31merror[39m:: tag not found
2026-04-04 18:05:17 [31merror[39m:: [object Object]
2026-04-04 18:05:56 [31merror[39m:: [object Object]
2026-04-04 18:06:21 [31merror[39m:: [object Object]
2026-04-04 18:11:31 [31merror[39m:: [object Object]
2026-04-04 18:13:15 [31merror[39m:: [object Object]
2026-04-04 18:13:25 [31merror[39m:: [object Object]
2026-04-04 18:14:40 [31merror[39m:: [object Object]
2026-04-04 18:20:53 [31merror[39m:: Duplicate entry 'tennis' for key 'categories.name'
2026-04-04 18:20:53 [31merror[39m:: Failed to create category
2026-04-04 18:20:54 [31merror[39m:: Duplicate entry 'tennis' for key 'categories.name'
2026-04-04 18:20:54 [31merror[39m:: Failed to create category
2026-04-04 18:21:09 [31merror[39m:: [object Object]
2026-04-04 18:21:19 [31merror[39m:: [object Object]
2026-04-04 18:26:28 [31merror[39m:: [object Object]
2026-04-04 18:29:15 [31merror[39m:: Duplicate entry 'china' for key 'brands.name'
2026-04-04 18:29:15 [31merror[39m:: [object Object]
2026-04-04 18:32:08 [31merror[39m:: [object Object]
2026-04-04 18:34:34 [31merror[39m:: [object Object]
2026-04-04 18:35:09 [31merror[39m:: [object Object]
2026-04-04 18:38:05 [31merror[39m:: [object Object]
2026-04-04 18:39:37 [31merror[39m:: [object Object]
2026-04-04 18:43:01 [31merror[39m:: [object Object]
2026-04-04 18:47:51 [31merror[39m:: category not found
2026-04-04 18:47:51 [31merror[39m:: [object Object]
2026-04-04 18:50:41 [31merror[39m:: category not found
2026-04-04 18:50:41 [31merror[39m:: [object Object]
2026-04-04 18:58:40 [31merror[39m:: [object Object]
2026-04-04 19:56:52 [31merror[39m:: [object Object]
2026-04-04 21:38:58 [31merror[39m:: [object Object]
2026-04-04 21:38:58 [31merror[39m:: Failed to show category
2026-04-04 22:29:05 [31merror[39m:: Duplicate entry 'Boxing' for key 'categories.name'
2026-04-04 22:29:05 [31merror[39m:: Failed to create category
2026-04-04 22:30:46 [31merror[39m:: Duplicate entry 'happy hour sale' for key 'tags.name'
2026-04-04 22:30:46 [31merror[39m:: Failed to create tag
2026-04-05 09:52:48 [31merror[39m:: [object Object]
2026-04-05 09:54:07 [31merror[39m:: [object Object]
2026-04-05 09:54:23 [31merror[39m:: [object Object]
2026-04-05 09:54:55 [31merror[39m:: [object Object]
2026-04-05 09:59:39 [31merror[39m:: [object Object]
2026-04-05 19:39:53 [31merror[39m:: [object Object]
2026-04-05 19:40:43 [31merror[39m:: [object Object]
2026-04-05 19:41:10 [31merror[39m:: [object Object]
2026-04-05 19:41:51 [31merror[39m:: [object Object]
2026-04-05 19:42:13 [31merror[39m:: [object Object]
2026-04-05 19:42:28 [31merror[39m:: [object Object]
2026-04-05 19:47:26 [31merror[39m:: [object Object]
2026-04-05 19:52:55 [31merror[39m:: [object Object]
2026-04-05 19:55:15 [31merror[39m:: [object Object]
2026-04-05 19:56:24 [31merror[39m:: [object Object]
2026-04-05 20:05:22 [31merror[39m:: [object Object]
2026-04-05 20:07:17 [31merror[39m:: [object Object]
2026-04-05 20:13:43 [31merror[39m:: [object Object]
2026-04-05 20:18:07 [31merror[39m:: brand not found
2026-04-05 20:18:07 [31merror[39m:: [object Object]
2026-04-07 10:14:50 [31merror[39m:: brand not found
2026-04-07 10:14:50 [31merror[39m:: [object Object]
2026-04-07 10:36:01 [31merror[39m:: [object Object]
2026-04-07 10:37:50 [31merror[39m:: [object Object]
2026-04-07 10:38:53 [31merror[39m:: [object Object]
2026-04-07 10:40:04 [31merror[39m:: [object Object]
2026-04-07 10:43:25 [31merror[39m:: Only JPG, PNG and JPEG files are allowed
2026-04-07 11:17:28 [31merror[39m:: [object Object]
2026-04-07 14:12:22 [31merror[39m:: brand not found
2026-04-07 14:12:22 [31merror[39m:: [object Object]
2026-04-07 14:12:58 [31merror[39m:: [object Object]
2026-04-07 14:13:24 [31merror[39m:: [object Object]
2026-04-07 14:13:50 [31merror[39m:: [object Object]
2026-04-07 14:14:08 [31merror[39m:: [object Object]
2026-04-07 14:14:33 [31merror[39m:: [object Object]
2026-04-07 14:17:03 [31merror[39m:: [object Object]
2026-04-07 14:17:20 [31merror[39m:: [object Object]
2026-04-07 14:17:42 [31merror[39m:: [object Object]
2026-04-07 14:20:31 [31merror[39m:: [object Object]
2026-04-07 14:21:15 [31merror[39m:: [object Object]
2026-04-07 14:24:15 [31merror[39m:: [object Object]
2026-04-07 14:26:32 [31merror[39m:: [object Object]
2026-04-07 14:27:25 [31merror[39m:: [object Object]
2026-04-07 14:28:08 [31merror[39m:: [object Object]
2026-04-07 14:29:19 [31merror[39m:: [object Object]
2026-04-07 14:29:56 [31merror[39m:: [object Object]
2026-04-07 14:33:13 [31merror[39m:: [object Object]
2026-04-07 14:33:34 [31merror[39m:: [object Object]
2026-04-07 14:34:39 [31merror[39m:: [object Object]
2026-04-07 14:35:59 [31merror[39m:: [object Object]
2026-04-07 14:37:17 [31merror[39m:: [object Object]
2026-04-07 14:37:31 [31merror[39m:: [object Object]
2026-04-07 14:37:46 [31merror[39m:: [object Object]
2026-04-07 14:39:56 [31merror[39m:: [object Object]
2026-04-07 14:40:46 [31merror[39m:: [object Object]
2026-04-07 14:42:44 [31merror[39m:: [object Object]
2026-04-07 14:43:14 [31merror[39m:: [object Object]
2026-04-07 14:44:47 [31merror[39m:: [object Object]
2026-04-07 14:45:22 [31merror[39m:: [object Object]
2026-04-07 14:46:41 [31merror[39m:: [object Object]
2026-04-07 14:49:31 [31merror[39m:: [object Object]
2026-04-07 21:03:28 [31merror[39m:: [object Object]
2026-04-07 21:24:04 [31merror[39m:: [object Object]
2026-04-07 21:26:33 [31merror[39m:: Only JPG, PNG and JPEG files are allowed
2026-04-07 21:27:03 [31merror[39m:: [object Object]
2026-04-07 21:27:22 [31merror[39m:: [object Object]
2026-04-07 21:28:18 [31merror[39m:: [object Object]
2026-04-07 21:41:04 [31merror[39m:: image upload failed
2026-04-07 21:44:46 [31merror[39m:: Only JPG, PNG and JPEG files are allowed
2026-04-07 21:44:57 [31merror[39m:: Duplicate entry 'Hello world' for key 'categories.name'
2026-04-07 21:44:57 [31merror[39m:: Failed to create category
